2025-07-05 15:06:28,374 INFO: 
                ____                _       _____  ____
               / __ ) ____ _ _____ (_)_____/ ___/ / __ \
              / __  |/ __ `// ___// // ___/\__ \ / /_/ /
             / /_/ // /_/ /(__  )/ // /__ ___/ // _, _/
            /_____/ \__,_//____//_/ \___//____//_/ |_|
     ______                   __   __                 __      __
    / ____/____   ____   ____/ /  / /   __  __ _____ / /__   / /
   / / __ / __ \ / __ \ / __  /  / /   / / / // ___// //_/  / /
  / /_/ // /_/ // /_/ // /_/ /  / /___/ /_/ // /__ / /<    /_/
  \____/ \____/ \____/ \____/  /_____/\____/ \___//_/|_|  (_)
    
Version Information: 
	BasicSR: 1.2.0+7b21f57
	PyTorch: 2.5.1
	TorchVision: 0.20.1
2025-07-05 15:06:28,374 INFO: 
  name: WaveletFourierUnderWaterNet
  model_type: ImageCleanModel
  scale: 1
  num_gpu: 1
  manual_seed: 100
  datasets:[
    train:[
      name: TrainSet
      type: Dataset_PairedImage
      dataroot_gt: ./Under_Water/Datasets/EUVP/Paired/total/trainB
      dataroot_lq: ./Under_Water/Datasets/EUVP/Paired/total/trainA
      geometric_augs: True
      filename_tmpl: {}
      io_backend:[
        type: disk
      ]
      use_shuffle: True
      num_worker_per_gpu: 4
      batch_size_per_gpu: 4
      mini_batch_sizes: [4]
      iters: [300000]
      gt_size: 256
      gt_sizes: [256]
      dataset_enlarge_ratio: 1
      prefetch_mode: None
      phase: train
      scale: 1
    ]
    val:[
      name: ValSet
      type: Dataset_PairedImage
      dataroot_gt: ./Under_Water/Datasets/EUVP/test_samples/GTr
      dataroot_lq: ./Under_Water/Datasets/EUVP/test_samples/Inp
      io_backend:[
        type: disk
      ]
      phase: val
      scale: 1
    ]
  ]
  network_g:[
    type: WFUWNet
    inp_channels: 3
    out_channels: 3
    dim: 32
    num_heads: [1, 2, 4]
    ffn_expansion_factor: 2
    stages: 2
    bias: False
    LayerNorm_type: WithBias
  ]
  path:[
    pretrain_network_g: None
    strict_load_g: True
    resume_state: None
    root: /home/linhdang/workspace/kien_workspace/underwater/underwater
    experiments_root: /home/linhdang/workspace/kien_workspace/underwater/underwater/experiments/WaveletFourierUnderWaterNet
    models: /home/linhdang/workspace/kien_workspace/underwater/underwater/experiments/WaveletFourierUnderWaterNet/models
    training_states: /home/linhdang/workspace/kien_workspace/underwater/underwater/experiments/WaveletFourierUnderWaterNet/training_states
    log: /home/linhdang/workspace/kien_workspace/underwater/underwater/experiments/WaveletFourierUnderWaterNet
    visualization: /home/linhdang/workspace/kien_workspace/underwater/underwater/experiments/WaveletFourierUnderWaterNet/visualization
  ]
  train:[
    total_iter: 300000
    warmup_iter: -1
    use_grad_clip: True
    scheduler:[
      type: CosineAnnealingRestartCyclicLR
      periods: [100000, 200000]
      restart_weights: [1, 1]
      eta_mins: [0.0002, 1e-06]
    ]
    mixing_augs:[
      mixup: False
      mixup_beta: 1.2
      use_identity: True
    ]
    optim_g:[
      type: AdamW
      lr: 0.0002
      weight_decay: 0.0001
      betas: [0.9, 0.999]
    ]
    pixel_opt:[
      type: WeightedLoss
      losses:[
        L1Loss:[
          loss_weight: 1
          reduction: mean
        ]
      ]
      weights: [1]
      verbose: True
    ]
  ]
  val:[
    window_size: 8
    val_freq: 4000.0
    save_img: False
    rgb2bgr: True
    use_image: False
    max_minibatch: 8
    metrics:[
      psnr:[
        type: calculate_psnr
        crop_border: 0
        test_y_channel: False
      ]
    ]
  ]
  logger:[
    print_freq: 1000
    save_checkpoint_freq: 8000.0
    use_tb_logger: False
    wandb:[
      project: None
      resume_id: None
    ]
  ]
  dist_params:[
    backend: nccl
    port: 29500
  ]
  is_train: True
  dist: False
  rank: 0
  world_size: 1

2025-07-05 15:06:28,850 INFO: Dataset Dataset_PairedImage - TrainSet is created.
2025-07-05 15:06:28,851 INFO: Training statistics:
	Number of train images: 11435
	Dataset enlarge ratio: 1
	Batch size per gpu: 4
	World size (gpu number): 1
	Require iter number per epoch: 2859
	Total epochs: 105; iters: 300000.
2025-07-05 15:06:28,859 INFO: Dataset Dataset_PairedImage - ValSet is created.
2025-07-05 15:06:28,859 INFO: Number of val images/folders in ValSet: 515
2025-07-05 15:06:29,057 INFO: Network: WFUWNet, with parameters: 732,141
2025-07-05 15:06:29,057 INFO: WFUWNet(
  (embed): OverlapPatchEmbed(
    (proj): Conv2d(3, 32, kernel_size=(3, 3), stride=(1, 1), padding=(1, 1), bias=False)
  )
  (recon): Conv2d(32, 3, kernel_size=(3, 3), stride=(1, 1), padding=(1, 1))
  (middle): Block(
    (dwtblock): DWTBlock(
      (norm): LayerNorm(
        (body): WithBias_LayerNorm()
      )
      (xfm): DWTForward()
      (ifm): DWTInverse()
      (high_branch): HighFrequencyBlock(
        (fuse_conv): Sequential(
          (0): Conv2d(384, 128, kernel_size=(1, 1), stride=(1, 1))
          (1): Conv2d(128, 128, kernel_size=(3, 3), stride=(1, 1), padding=(1, 1), groups=128)
          (2): Conv2d(128, 128, kernel_size=(1, 1), stride=(1, 1))
        )
        (attn): Attention(
          (qkv): Conv2d(128, 384, kernel_size=(1, 1), stride=(1, 1), bias=False)
          (qkv_dwconv): Conv2d(384, 384, kernel_size=(3, 3), stride=(1, 1), padding=(1, 1), groups=384, bias=False)
          (project_out): Conv2d(128, 128, kernel_size=(1, 1), stride=(1, 1), bias=False)
        )
        (split_conv): Sequential(
          (0): Conv2d(128, 128, kernel_size=(3, 3), stride=(1, 1), padding=(1, 1), groups=128)
          (1): Conv2d(128, 384, kernel_size=(1, 1), stride=(1, 1))
        )
      )
      (low_branch): LowFrequencyBlock(
        (magnitude_branch): Sequential(
          (0): DenseLayer(
            (conv): Sequential(
              (0): Conv2d(128, 16, kernel_size=(1, 1), stride=(1, 1), bias=False)
              (1): BatchNorm2d(16, eps=1e-05, momentum=0.1, affine=True, track_running_stats=True)
            )
            (leaky): LeakyReLU(negative_slope=0.1, inplace=True)
          )
          (1): Conv2d(144, 128, kernel_size=(1, 1), stride=(1, 1))
        )
        (phase_branch): Sequential(
          (0): DenseLayer(
            (conv): Sequential(
              (0): Conv2d(128, 16, kernel_size=(1, 1), stride=(1, 1), bias=False)
              (1): BatchNorm2d(16, eps=1e-05, momentum=0.1, affine=True, track_running_stats=True)
            )
            (leaky): LeakyReLU(negative_slope=0.1, inplace=True)
          )
          (1): Conv2d(144, 128, kernel_size=(1, 1), stride=(1, 1))
        )
        (mask_branch): Sequential(
          (0): DenseLayer(
            (conv): Sequential(
              (0): Conv2d(128, 16, kernel_size=(1, 1), stride=(1, 1), bias=False)
              (1): BatchNorm2d(16, eps=1e-05, momentum=0.1, affine=True, track_running_stats=True)
            )
            (leaky): LeakyReLU(negative_slope=0.1, inplace=True)
          )
          (1): Conv2d(144, 128, kernel_size=(1, 1), stride=(1, 1))
          (2): Conv2d(128, 128, kernel_size=(3, 3), stride=(1, 1), padding=(1, 1), groups=128)
          (3): Sigmoid()
        )
      )
      (prj_conv): Conv2d(128, 128, kernel_size=(1, 1), stride=(1, 1))
    )
    (refine): SCFNBlock(
      (norm): LayerNorm(
        (body): WithBias_LayerNorm()
      )
      (prj_conv1): Conv2d(128, 256, kernel_size=(1, 1), stride=(1, 1))
      (conv): Sequential(
        (0): Conv2d(256, 256, kernel_size=(3, 3), stride=(1, 1), padding=(1, 1), groups=256)
        (1): Conv2d(256, 256, kernel_size=(1, 1), stride=(1, 1))
      )
      (act): GELU(approximate='none')
      (prj_conv2): Conv2d(256, 128, kernel_size=(1, 1), stride=(1, 1))
    )
  )
  (encoders): ModuleList(
    (0): Block(
      (dwtblock): DWTBlock(
        (norm): LayerNorm(
          (body): WithBias_LayerNorm()
        )
        (xfm): DWTForward()
        (ifm): DWTInverse()
        (high_branch): HighFrequencyBlock(
          (fuse_conv): Sequential(
            (0): Conv2d(96, 32, kernel_size=(1, 1), stride=(1, 1))
            (1): Conv2d(32, 32, kernel_size=(3, 3), stride=(1, 1), padding=(1, 1), groups=32)
            (2): Conv2d(32, 32, kernel_size=(1, 1), stride=(1, 1))
          )
          (attn): Attention(
            (qkv): Conv2d(32, 96, kernel_size=(1, 1), stride=(1, 1), bias=False)
            (qkv_dwconv): Conv2d(96, 96, kernel_size=(3, 3), stride=(1, 1), padding=(1, 1), groups=96, bias=False)
            (project_out): Conv2d(32, 32, kernel_size=(1, 1), stride=(1, 1), bias=False)
          )
          (split_conv): Sequential(
            (0): Conv2d(32, 32, kernel_size=(3, 3), stride=(1, 1), padding=(1, 1), groups=32)
            (1): Conv2d(32, 96, kernel_size=(1, 1), stride=(1, 1))
          )
        )
        (low_branch): LowFrequencyBlock(
          (magnitude_branch): Sequential(
            (0): DenseLayer(
              (conv): Sequential(
                (0): Conv2d(32, 16, kernel_size=(1, 1), stride=(1, 1), bias=False)
                (1): BatchNorm2d(16, eps=1e-05, momentum=0.1, affine=True, track_running_stats=True)
              )
              (leaky): LeakyReLU(negative_slope=0.1, inplace=True)
            )
            (1): Conv2d(48, 32, kernel_size=(1, 1), stride=(1, 1))
          )
          (phase_branch): Sequential(
            (0): DenseLayer(
              (conv): Sequential(
                (0): Conv2d(32, 16, kernel_size=(1, 1), stride=(1, 1), bias=False)
                (1): BatchNorm2d(16, eps=1e-05, momentum=0.1, affine=True, track_running_stats=True)
              )
              (leaky): LeakyReLU(negative_slope=0.1, inplace=True)
            )
            (1): Conv2d(48, 32, kernel_size=(1, 1), stride=(1, 1))
          )
          (mask_branch): Sequential(
            (0): DenseLayer(
              (conv): Sequential(
                (0): Conv2d(32, 16, kernel_size=(1, 1), stride=(1, 1), bias=False)
                (1): BatchNorm2d(16, eps=1e-05, momentum=0.1, affine=True, track_running_stats=True)
              )
              (leaky): LeakyReLU(negative_slope=0.1, inplace=True)
            )
            (1): Conv2d(48, 32, kernel_size=(1, 1), stride=(1, 1))
            (2): Conv2d(32, 32, kernel_size=(3, 3), stride=(1, 1), padding=(1, 1), groups=32)
            (3): Sigmoid()
          )
        )
        (prj_conv): Conv2d(32, 32, kernel_size=(1, 1), stride=(1, 1))
      )
      (refine): SCFNBlock(
        (norm): LayerNorm(
          (body): WithBias_LayerNorm()
        )
        (prj_conv1): Conv2d(32, 64, kernel_size=(1, 1), stride=(1, 1))
        (conv): Sequential(
          (0): Conv2d(64, 64, kernel_size=(3, 3), stride=(1, 1), padding=(1, 1), groups=64)
          (1): Conv2d(64, 64, kernel_size=(1, 1), stride=(1, 1))
        )
        (act): GELU(approximate='none')
        (prj_conv2): Conv2d(64, 32, kernel_size=(1, 1), stride=(1, 1))
      )
    )
    (1): Downsample(
      (body): Sequential(
        (0): Conv2d(32, 32, kernel_size=(3, 3), stride=(1, 1), padding=(1, 1), groups=32, bias=False)
        (1): Conv2d(32, 16, kernel_size=(1, 1), stride=(1, 1), bias=False)
        (2): PixelUnshuffle(downscale_factor=2)
      )
    )
    (2): Block(
      (dwtblock): DWTBlock(
        (norm): LayerNorm(
          (body): WithBias_LayerNorm()
        )
        (xfm): DWTForward()
        (ifm): DWTInverse()
        (high_branch): HighFrequencyBlock(
          (fuse_conv): Sequential(
            (0): Conv2d(192, 64, kernel_size=(1, 1), stride=(1, 1))
            (1): Conv2d(64, 64, kernel_size=(3, 3), stride=(1, 1), padding=(1, 1), groups=64)
            (2): Conv2d(64, 64, kernel_size=(1, 1), stride=(1, 1))
          )
          (attn): Attention(
            (qkv): Conv2d(64, 192, kernel_size=(1, 1), stride=(1, 1), bias=False)
            (qkv_dwconv): Conv2d(192, 192, kernel_size=(3, 3), stride=(1, 1), padding=(1, 1), groups=192, bias=False)
            (project_out): Conv2d(64, 64, kernel_size=(1, 1), stride=(1, 1), bias=False)
          )
          (split_conv): Sequential(
            (0): Conv2d(64, 64, kernel_size=(3, 3), stride=(1, 1), padding=(1, 1), groups=64)
            (1): Conv2d(64, 192, kernel_size=(1, 1), stride=(1, 1))
          )
        )
        (low_branch): LowFrequencyBlock(
          (magnitude_branch): Sequential(
            (0): DenseLayer(
              (conv): Sequential(
                (0): Conv2d(64, 16, kernel_size=(1, 1), stride=(1, 1), bias=False)
                (1): BatchNorm2d(16, eps=1e-05, momentum=0.1, affine=True, track_running_stats=True)
              )
              (leaky): LeakyReLU(negative_slope=0.1, inplace=True)
            )
            (1): Conv2d(80, 64, kernel_size=(1, 1), stride=(1, 1))
          )
          (phase_branch): Sequential(
            (0): DenseLayer(
              (conv): Sequential(
                (0): Conv2d(64, 16, kernel_size=(1, 1), stride=(1, 1), bias=False)
                (1): BatchNorm2d(16, eps=1e-05, momentum=0.1, affine=True, track_running_stats=True)
              )
              (leaky): LeakyReLU(negative_slope=0.1, inplace=True)
            )
            (1): Conv2d(80, 64, kernel_size=(1, 1), stride=(1, 1))
          )
          (mask_branch): Sequential(
            (0): DenseLayer(
              (conv): Sequential(
                (0): Conv2d(64, 16, kernel_size=(1, 1), stride=(1, 1), bias=False)
                (1): BatchNorm2d(16, eps=1e-05, momentum=0.1, affine=True, track_running_stats=True)
              )
              (leaky): LeakyReLU(negative_slope=0.1, inplace=True)
            )
            (1): Conv2d(80, 64, kernel_size=(1, 1), stride=(1, 1))
            (2): Conv2d(64, 64, kernel_size=(3, 3), stride=(1, 1), padding=(1, 1), groups=64)
            (3): Sigmoid()
          )
        )
        (prj_conv): Conv2d(64, 64, kernel_size=(1, 1), stride=(1, 1))
      )
      (refine): SCFNBlock(
        (norm): LayerNorm(
          (body): WithBias_LayerNorm()
        )
        (prj_conv1): Conv2d(64, 128, kernel_size=(1, 1), stride=(1, 1))
        (conv): Sequential(
          (0): Conv2d(128, 128, kernel_size=(3, 3), stride=(1, 1), padding=(1, 1), groups=128)
          (1): Conv2d(128, 128, kernel_size=(1, 1), stride=(1, 1))
        )
        (act): GELU(approximate='none')
        (prj_conv2): Conv2d(128, 64, kernel_size=(1, 1), stride=(1, 1))
      )
    )
    (3): Downsample(
      (body): Sequential(
        (0): Conv2d(64, 64, kernel_size=(3, 3), stride=(1, 1), padding=(1, 1), groups=64, bias=False)
        (1): Conv2d(64, 32, kernel_size=(1, 1), stride=(1, 1), bias=False)
        (2): PixelUnshuffle(downscale_factor=2)
      )
    )
  )
  (decoders): ModuleList(
    (0): Upsample(
      (body): Sequential(
        (0): Conv2d(128, 128, kernel_size=(3, 3), stride=(1, 1), padding=(1, 1), groups=128, bias=False)
        (1): Conv2d(128, 256, kernel_size=(1, 1), stride=(1, 1), bias=False)
        (2): PixelShuffle(upscale_factor=2)
      )
    )
    (1): Conv2d(128, 64, kernel_size=(1, 1), stride=(1, 1))
    (2): Block(
      (dwtblock): DWTBlock(
        (norm): LayerNorm(
          (body): WithBias_LayerNorm()
        )
        (xfm): DWTForward()
        (ifm): DWTInverse()
        (high_branch): HighFrequencyBlock(
          (fuse_conv): Sequential(
            (0): Conv2d(192, 64, kernel_size=(1, 1), stride=(1, 1))
            (1): Conv2d(64, 64, kernel_size=(3, 3), stride=(1, 1), padding=(1, 1), groups=64)
            (2): Conv2d(64, 64, kernel_size=(1, 1), stride=(1, 1))
          )
          (attn): Attention(
            (qkv): Conv2d(64, 192, kernel_size=(1, 1), stride=(1, 1), bias=False)
            (qkv_dwconv): Conv2d(192, 192, kernel_size=(3, 3), stride=(1, 1), padding=(1, 1), groups=192, bias=False)
            (project_out): Conv2d(64, 64, kernel_size=(1, 1), stride=(1, 1), bias=False)
          )
          (split_conv): Sequential(
            (0): Conv2d(64, 64, kernel_size=(3, 3), stride=(1, 1), padding=(1, 1), groups=64)
            (1): Conv2d(64, 192, kernel_size=(1, 1), stride=(1, 1))
          )
        )
        (low_branch): LowFrequencyBlock(
          (magnitude_branch): Sequential(
            (0): DenseLayer(
              (conv): Sequential(
                (0): Conv2d(64, 16, kernel_size=(1, 1), stride=(1, 1), bias=False)
                (1): BatchNorm2d(16, eps=1e-05, momentum=0.1, affine=True, track_running_stats=True)
              )
              (leaky): LeakyReLU(negative_slope=0.1, inplace=True)
            )
            (1): Conv2d(80, 64, kernel_size=(1, 1), stride=(1, 1))
          )
          (phase_branch): Sequential(
            (0): DenseLayer(
              (conv): Sequential(
                (0): Conv2d(64, 16, kernel_size=(1, 1), stride=(1, 1), bias=False)
                (1): BatchNorm2d(16, eps=1e-05, momentum=0.1, affine=True, track_running_stats=True)
              )
              (leaky): LeakyReLU(negative_slope=0.1, inplace=True)
            )
            (1): Conv2d(80, 64, kernel_size=(1, 1), stride=(1, 1))
          )
          (mask_branch): Sequential(
            (0): DenseLayer(
              (conv): Sequential(
                (0): Conv2d(64, 16, kernel_size=(1, 1), stride=(1, 1), bias=False)
                (1): BatchNorm2d(16, eps=1e-05, momentum=0.1, affine=True, track_running_stats=True)
              )
              (leaky): LeakyReLU(negative_slope=0.1, inplace=True)
            )
            (1): Conv2d(80, 64, kernel_size=(1, 1), stride=(1, 1))
            (2): Conv2d(64, 64, kernel_size=(3, 3), stride=(1, 1), padding=(1, 1), groups=64)
            (3): Sigmoid()
          )
        )
        (prj_conv): Conv2d(64, 64, kernel_size=(1, 1), stride=(1, 1))
      )
      (refine): SCFNBlock(
        (norm): LayerNorm(
          (body): WithBias_LayerNorm()
        )
        (prj_conv1): Conv2d(64, 128, kernel_size=(1, 1), stride=(1, 1))
        (conv): Sequential(
          (0): Conv2d(128, 128, kernel_size=(3, 3), stride=(1, 1), padding=(1, 1), groups=128)
          (1): Conv2d(128, 128, kernel_size=(1, 1), stride=(1, 1))
        )
        (act): GELU(approximate='none')
        (prj_conv2): Conv2d(128, 64, kernel_size=(1, 1), stride=(1, 1))
      )
    )
    (3): Upsample(
      (body): Sequential(
        (0): Conv2d(64, 64, kernel_size=(3, 3), stride=(1, 1), padding=(1, 1), groups=64, bias=False)
        (1): Conv2d(64, 128, kernel_size=(1, 1), stride=(1, 1), bias=False)
        (2): PixelShuffle(upscale_factor=2)
      )
    )
    (4): Conv2d(64, 32, kernel_size=(1, 1), stride=(1, 1))
    (5): Block(
      (dwtblock): DWTBlock(
        (norm): LayerNorm(
          (body): WithBias_LayerNorm()
        )
        (xfm): DWTForward()
        (ifm): DWTInverse()
        (high_branch): HighFrequencyBlock(
          (fuse_conv): Sequential(
            (0): Conv2d(96, 32, kernel_size=(1, 1), stride=(1, 1))
            (1): Conv2d(32, 32, kernel_size=(3, 3), stride=(1, 1), padding=(1, 1), groups=32)
            (2): Conv2d(32, 32, kernel_size=(1, 1), stride=(1, 1))
          )
          (attn): Attention(
            (qkv): Conv2d(32, 96, kernel_size=(1, 1), stride=(1, 1), bias=False)
            (qkv_dwconv): Conv2d(96, 96, kernel_size=(3, 3), stride=(1, 1), padding=(1, 1), groups=96, bias=False)
            (project_out): Conv2d(32, 32, kernel_size=(1, 1), stride=(1, 1), bias=False)
          )
          (split_conv): Sequential(
            (0): Conv2d(32, 32, kernel_size=(3, 3), stride=(1, 1), padding=(1, 1), groups=32)
            (1): Conv2d(32, 96, kernel_size=(1, 1), stride=(1, 1))
          )
        )
        (low_branch): LowFrequencyBlock(
          (magnitude_branch): Sequential(
            (0): DenseLayer(
              (conv): Sequential(
                (0): Conv2d(32, 16, kernel_size=(1, 1), stride=(1, 1), bias=False)
                (1): BatchNorm2d(16, eps=1e-05, momentum=0.1, affine=True, track_running_stats=True)
              )
              (leaky): LeakyReLU(negative_slope=0.1, inplace=True)
            )
            (1): Conv2d(48, 32, kernel_size=(1, 1), stride=(1, 1))
          )
          (phase_branch): Sequential(
            (0): DenseLayer(
              (conv): Sequential(
                (0): Conv2d(32, 16, kernel_size=(1, 1), stride=(1, 1), bias=False)
                (1): BatchNorm2d(16, eps=1e-05, momentum=0.1, affine=True, track_running_stats=True)
              )
              (leaky): LeakyReLU(negative_slope=0.1, inplace=True)
            )
            (1): Conv2d(48, 32, kernel_size=(1, 1), stride=(1, 1))
          )
          (mask_branch): Sequential(
            (0): DenseLayer(
              (conv): Sequential(
                (0): Conv2d(32, 16, kernel_size=(1, 1), stride=(1, 1), bias=False)
                (1): BatchNorm2d(16, eps=1e-05, momentum=0.1, affine=True, track_running_stats=True)
              )
              (leaky): LeakyReLU(negative_slope=0.1, inplace=True)
            )
            (1): Conv2d(48, 32, kernel_size=(1, 1), stride=(1, 1))
            (2): Conv2d(32, 32, kernel_size=(3, 3), stride=(1, 1), padding=(1, 1), groups=32)
            (3): Sigmoid()
          )
        )
        (prj_conv): Conv2d(32, 32, kernel_size=(1, 1), stride=(1, 1))
      )
      (refine): SCFNBlock(
        (norm): LayerNorm(
          (body): WithBias_LayerNorm()
        )
        (prj_conv1): Conv2d(32, 64, kernel_size=(1, 1), stride=(1, 1))
        (conv): Sequential(
          (0): Conv2d(64, 64, kernel_size=(3, 3), stride=(1, 1), padding=(1, 1), groups=64)
          (1): Conv2d(64, 64, kernel_size=(1, 1), stride=(1, 1))
        )
        (act): GELU(approximate='none')
        (prj_conv2): Conv2d(64, 32, kernel_size=(1, 1), stride=(1, 1))
      )
    )
  )
)
2025-07-05 15:06:29,058 INFO: Model [ImageCleanModel] is created.
2025-07-05 15:06:29,113 INFO: Start training from epoch: 0, iter: 0
2025-07-05 15:06:29,235 INFO: 
 Updating Patch_Size to 256 and Batch_Size to 4 

2025-07-05 15:08:11,918 INFO: [Wavel..][epoch:  0, iter:   1,000, lr:(2.000e-04,)] [eta: 8:32:04, time (data): 0.102 (0.001)] l_pix: 7.4259e+01 l_L1Loss: 7.4259e+01 
2025-07-05 15:09:53,209 INFO: [Wavel..][epoch:  0, iter:   2,000, lr:(2.000e-04,)] [eta: 8:26:43, time (data): 0.101 (0.001)] l_pix: 6.8031e+01 l_L1Loss: 6.8031e+01 
2025-07-05 15:11:34,630 INFO: [Wavel..][epoch:  1, iter:   3,000, lr:(2.000e-04,)] [eta: 8:24:01, time (data): 0.101 (0.001)] l_pix: 6.4399e+01 l_L1Loss: 6.4399e+01 
2025-07-05 15:13:16,032 INFO: [Wavel..][epoch:  1, iter:   4,000, lr:(2.000e-04,)] [eta: 8:21:48, time (data): 0.101 (0.001)] l_pix: 6.2879e+01 l_L1Loss: 6.2879e+01 
2025-07-05 15:13:22,439 INFO: Validation ValSet,		 # psnr: 23.6089
2025-07-05 15:15:03,821 INFO: [Wavel..][epoch:  1, iter:   5,000, lr:(2.000e-04,)] [eta: 8:26:04, time (data): 0.101 (0.001)] l_pix: 6.3784e+01 l_L1Loss: 6.3784e+01 
2025-07-05 15:16:45,346 INFO: [Wavel..][epoch:  2, iter:   6,000, lr:(2.000e-04,)] [eta: 8:23:12, time (data): 0.101 (0.001)] l_pix: 6.2431e+01 l_L1Loss: 6.2431e+01 
2025-07-05 15:18:26,868 INFO: [Wavel..][epoch:  2, iter:   7,000, lr:(2.000e-04,)] [eta: 8:20:41, time (data): 0.101 (0.001)] l_pix: 6.2550e+01 l_L1Loss: 6.2550e+01 
2025-07-05 15:20:08,374 INFO: [Wavel..][epoch:  2, iter:   8,000, lr:(2.000e-04,)] [eta: 8:18:21, time (data): 0.102 (0.001)] l_pix: 6.2087e+01 l_L1Loss: 6.2087e+01 
2025-07-05 15:20:08,374 INFO: Saving models and training states.
2025-07-05 15:20:14,698 INFO: Validation ValSet,		 # psnr: 24.3353
2025-07-05 15:21:56,068 INFO: [Wavel..][epoch:  3, iter:   9,000, lr:(2.000e-04,)] [eta: 8:19:29, time (data): 0.101 (0.001)] l_pix: 6.1356e+01 l_L1Loss: 6.1356e+01 
2025-07-05 15:23:37,437 INFO: [Wavel..][epoch:  3, iter:  10,000, lr:(2.000e-04,)] [eta: 8:16:59, time (data): 0.101 (0.001)] l_pix: 6.2665e+01 l_L1Loss: 6.2665e+01 
2025-07-05 15:25:18,821 INFO: [Wavel..][epoch:  3, iter:  11,000, lr:(2.000e-04,)] [eta: 8:14:39, time (data): 0.101 (0.001)] l_pix: 6.1321e+01 l_L1Loss: 6.1321e+01 
2025-07-05 15:27:00,317 INFO: [Wavel..][epoch:  4, iter:  12,000, lr:(2.000e-04,)] [eta: 8:12:27, time (data): 0.102 (0.001)] l_pix: 6.0404e+01 l_L1Loss: 6.0404e+01 
2025-07-05 15:27:06,388 INFO: Validation ValSet,		 # psnr: 23.6440
